2024-10-29 14:41:34,096 - INFO - Starting security metrics calculation
2024-10-29 14:41:34,096 - INFO - Found 5 PLCs, 3 HMIs, 13 field devices
2024-10-29 14:41:34,096 - INFO - Calculated metrics for node Switch 1
2024-10-29 14:41:34,096 - INFO - Calculated metrics for node DMZ Internal Firewall
2024-10-29 14:41:34,097 - INFO - Calculated metrics for node SCADA Server
2024-10-29 14:41:34,097 - INFO - Calculated metrics for node EWS
2024-10-29 14:41:34,097 - INFO - Calculated metrics for node HMI 1
2024-10-29 14:41:34,097 - INFO - Calculated metrics for node HMI 2
2024-10-29 14:41:34,097 - INFO - Calculated metrics for node HMI 3
2024-10-29 14:41:34,097 - INFO - Calculated metrics for node PLC 1
2024-10-29 14:41:34,098 - INFO - Calculated metrics for node I/O 1
2024-10-29 14:41:34,098 - INFO - Calculated metrics for node Sensor 1
2024-10-29 14:41:34,098 - INFO - Calculated metrics for node Actuator 1
2024-10-29 14:41:34,098 - INFO - Calculated metrics for node PLC 2
2024-10-29 14:41:34,098 - INFO - Calculated metrics for node segment coupler
2024-10-29 14:41:34,099 - INFO - Calculated metrics for node PA Signal Line
2024-10-29 14:41:34,099 - INFO - Calculated metrics for node Device 1
2024-10-29 14:41:34,099 - INFO - Calculated metrics for node Device 2
2024-10-29 14:41:34,099 - INFO - Calculated metrics for node Device 3
2024-10-29 14:41:34,099 - INFO - Calculated metrics for node PLC 3
2024-10-29 14:41:34,100 - INFO - Calculated metrics for node Device 4
2024-10-29 14:41:34,100 - INFO - Calculated metrics for node Device 5
2024-10-29 14:41:34,100 - INFO - Calculated metrics for node Device 6
2024-10-29 14:41:34,100 - INFO - Calculated metrics for node Device 7
2024-10-29 14:41:34,100 - INFO - Calculated metrics for node PLC 4
2024-10-29 14:41:34,100 - INFO - Calculated metrics for node Device 8
2024-10-29 14:41:34,101 - INFO - Calculated metrics for node Device 9
2024-10-29 14:41:34,101 - INFO - Calculated metrics for node Device 10
2024-10-29 14:41:34,101 - INFO - Calculated metrics for node Device 11
2024-10-29 14:41:34,101 - INFO - Calculated metrics for node Firewall 2
2024-10-29 14:41:34,101 - INFO - Calculated metrics for node Switch 2
2024-10-29 14:41:34,101 - INFO - Calculated metrics for node PLC 5
2024-10-29 14:41:34,102 - INFO - Calculated metrics for node Crown Jewel
